<?xml version="1.0" encoding="UTF-8"?>
<testng-results ignored="0" total="1" passed="1" failed="0" skipped="0">
  <reporter-output>
  </reporter-output>
  <suite started-at="2022-06-09T21:07:24 EDT" name="Default suite" finished-at="2022-06-09T21:07:40 EDT" duration-ms="15495">
    <groups>
    </groups>
    <test started-at="2022-06-09T21:07:24 EDT" name="Default test" finished-at="2022-06-09T21:07:40 EDT" duration-ms="15495">
      <class name="testCases.SalesForceLogin">
        <test-method is-config="true" signature="setup()[pri:0, instance:testCases.SalesForceLogin@7c7b252e]" started-at="2022-06-09T21:07:24 EDT" name="setup" finished-at="2022-06-09T21:07:29 EDT" duration-ms="4805" status="PASS">
          <reporter-output>
          </reporter-output>
        </test-method> <!-- setup -->
        <test-method signature="login()[pri:0, instance:testCases.SalesForceLogin@7c7b252e]" started-at="2022-06-09T21:07:29 EDT" name="login" finished-at="2022-06-09T21:07:39 EDT" duration-ms="9269" status="PASS">
          <reporter-output>
          </reporter-output>
        </test-method> <!-- login -->
        <test-method is-config="true" signature="teardown()[pri:0, instance:testCases.SalesForceLogin@7c7b252e]" started-at="2022-06-09T21:07:39 EDT" name="teardown" finished-at="2022-06-09T21:07:40 EDT" duration-ms="1318" status="PASS">
          <reporter-output>
          </reporter-output>
        </test-method> <!-- teardown -->
      </class> <!-- testCases.SalesForceLogin -->
    </test> <!-- Default test -->
  </suite> <!-- Default suite -->
</testng-results>
